INFO  22-02-09 14:13:51[main] [BackendApplicationTests:55] - Starting BackendApplicationTests using Java 17.0.1 on DESKTOP-CU4K7SS with PID 28900 (started by uniapparel in C:\Users\uniapparel\Documents\git\uniwear-backend)
INFO  22-02-09 14:13:51[main] [BackendApplicationTests:639] - The following profiles are active: test
INFO  22-02-09 14:13:51[background-preinit] [Version:21] - HV000001: Hibernate Validator 6.2.0.Final
INFO  22-02-09 14:13:53[main] [RepositoryConfigurationDelegate:262] - Multiple Spring Data modules found, entering strict repository configuration mode!
INFO  22-02-09 14:13:53[main] [RepositoryConfigurationDelegate:132] - Bootstrapping Spring Data JPA repositories in DEFAULT mode.
INFO  22-02-09 14:13:54[main] [RepositoryConfigurationDelegate:201] - Finished Spring Data repository scanning in 414 ms. Found 1 JPA repository interfaces.
INFO  22-02-09 14:13:54[main] [RepositoryConfigurationDelegate:262] - Multiple Spring Data modules found, entering strict repository configuration mode!
INFO  22-02-09 14:13:54[main] [RepositoryConfigurationDelegate:132] - Bootstrapping Spring Data Redis repositories in DEFAULT mode.
INFO  22-02-09 14:13:54[main] [RepositoryConfigurationExtensionSupport:349] - Spring Data Redis - Could not safely identify store assignment for repository candidate interface com.uniwear.backend.repository.MemberRepository. If you want this repository to be a Redis repository, consider annotating your entities with one of these annotations: org.springframework.data.redis.core.RedisHash (preferred), or consider extending one of the following types with your repository: org.springframework.data.keyvalue.repository.KeyValueRepository.
INFO  22-02-09 14:13:54[main] [RepositoryConfigurationDelegate:201] - Finished Spring Data repository scanning in 20 ms. Found 0 Redis repository interfaces.
INFO  22-02-09 14:13:55[main] [LogHelper:31] - HHH000204: Processing PersistenceUnitInfo [name: default]
INFO  22-02-09 14:13:56[main] [Version:44] - HHH000412: Hibernate ORM core version 5.6.3.Final
INFO  22-02-09 14:13:56[main] [Version:56] - HCANN000001: Hibernate Commons Annotations {5.1.2.Final}
INFO  22-02-09 14:13:56[main] [HikariDataSource:110] - HikariPool-1 - Starting...
INFO  22-02-09 14:13:56[main] [HikariDataSource:123] - HikariPool-1 - Start completed.
INFO  22-02-09 14:13:57[main] [Dialect:175] - HHH000400: Using dialect: org.hibernate.dialect.MariaDB103Dialect
INFO  22-02-09 14:13:58[main] [JtaPlatformInitiator:52] - HHH000490: Using JtaPlatform implementation: [org.hibernate.engine.transaction.jta.platform.internal.NoJtaPlatform]
INFO  22-02-09 14:13:58[main] [LocalContainerEntityManagerFactoryBean:437] - Initialized JPA EntityManagerFactory for persistence unit 'default'
WARN  22-02-09 14:13:58[main] [JpaBaseConfiguration$JpaWebConfiguration:219] - spring.jpa.open-in-view is enabled by default. Therefore, database queries may be performed during view rendering. Explicitly configure spring.jpa.open-in-view to disable this warning
INFO  22-02-09 14:14:03[main] [DefaultSecurityFilterChain:51] - Will secure any request with [org.springframework.security.web.context.request.async.WebAsyncManagerIntegrationFilter@7b897456, org.springframework.security.web.context.SecurityContextPersistenceFilter@1acd2a14, org.springframework.security.web.header.HeaderWriterFilter@5bb90b89, org.springframework.web.filter.CorsFilter@4dcc0e3d, org.springframework.security.web.authentication.logout.LogoutFilter@7e305953, com.uniwear.backend.filter.JwtRequestFilter@46aea9f7, org.springframework.security.web.savedrequest.RequestCacheAwareFilter@2b30b25f, org.springframework.security.web.servletapi.SecurityContextHolderAwareRequestFilter@3ac76ad9, org.springframework.security.web.authentication.AnonymousAuthenticationFilter@7fecc26f, org.springframework.security.web.session.SessionManagementFilter@a4e1ca7, org.springframework.security.web.access.ExceptionTranslationFilter@34dda1b4, org.springframework.security.web.access.intercept.FilterSecurityInterceptor@cc3fc5c]
INFO  22-02-09 14:14:05[main] [BackendApplicationTests:61] - Started BackendApplicationTests in 14.13 seconds (JVM running for 16.396)
INFO  22-02-09 14:14:05[SpringApplicationShutdownHook] [LocalContainerEntityManagerFactoryBean:651] - Closing JPA EntityManagerFactory for persistence unit 'default'
INFO  22-02-09 14:14:05[SpringApplicationShutdownHook] [HikariDataSource:350] - HikariPool-1 - Shutdown initiated...
INFO  22-02-09 14:14:05[SpringApplicationShutdownHook] [HikariDataSource:352] - HikariPool-1 - Shutdown completed.
INFO  22-02-09 14:15:18[main] [BackendApplicationTests:55] - Starting BackendApplicationTests using Java 17.0.1 on DESKTOP-CU4K7SS with PID 42468 (started by uniapparel in C:\Users\uniapparel\Documents\git\uniwear-backend)
INFO  22-02-09 14:15:18[main] [BackendApplicationTests:639] - The following profiles are active: test
INFO  22-02-09 14:15:18[background-preinit] [Version:21] - HV000001: Hibernate Validator 6.2.0.Final
INFO  22-02-09 14:15:20[main] [RepositoryConfigurationDelegate:262] - Multiple Spring Data modules found, entering strict repository configuration mode!
INFO  22-02-09 14:15:20[main] [RepositoryConfigurationDelegate:132] - Bootstrapping Spring Data JPA repositories in DEFAULT mode.
INFO  22-02-09 14:15:21[main] [RepositoryConfigurationDelegate:201] - Finished Spring Data repository scanning in 432 ms. Found 1 JPA repository interfaces.
INFO  22-02-09 14:15:21[main] [RepositoryConfigurationDelegate:262] - Multiple Spring Data modules found, entering strict repository configuration mode!
INFO  22-02-09 14:15:21[main] [RepositoryConfigurationDelegate:132] - Bootstrapping Spring Data Redis repositories in DEFAULT mode.
INFO  22-02-09 14:15:21[main] [RepositoryConfigurationExtensionSupport:349] - Spring Data Redis - Could not safely identify store assignment for repository candidate interface com.uniwear.backend.repository.MemberRepository. If you want this repository to be a Redis repository, consider annotating your entities with one of these annotations: org.springframework.data.redis.core.RedisHash (preferred), or consider extending one of the following types with your repository: org.springframework.data.keyvalue.repository.KeyValueRepository.
INFO  22-02-09 14:15:21[main] [RepositoryConfigurationDelegate:201] - Finished Spring Data repository scanning in 20 ms. Found 0 Redis repository interfaces.
INFO  22-02-09 14:15:23[main] [LogHelper:31] - HHH000204: Processing PersistenceUnitInfo [name: default]
INFO  22-02-09 14:15:23[main] [Version:44] - HHH000412: Hibernate ORM core version 5.6.3.Final
INFO  22-02-09 14:15:23[main] [Version:56] - HCANN000001: Hibernate Commons Annotations {5.1.2.Final}
INFO  22-02-09 14:15:24[main] [HikariDataSource:110] - HikariPool-1 - Starting...
INFO  22-02-09 14:15:24[main] [HikariDataSource:123] - HikariPool-1 - Start completed.
INFO  22-02-09 14:15:24[main] [Dialect:175] - HHH000400: Using dialect: org.hibernate.dialect.MariaDB103Dialect
INFO  22-02-09 14:15:26[main] [JtaPlatformInitiator:52] - HHH000490: Using JtaPlatform implementation: [org.hibernate.engine.transaction.jta.platform.internal.NoJtaPlatform]
INFO  22-02-09 14:15:26[main] [LocalContainerEntityManagerFactoryBean:437] - Initialized JPA EntityManagerFactory for persistence unit 'default'
WARN  22-02-09 14:15:26[main] [JpaBaseConfiguration$JpaWebConfiguration:219] - spring.jpa.open-in-view is enabled by default. Therefore, database queries may be performed during view rendering. Explicitly configure spring.jpa.open-in-view to disable this warning
INFO  22-02-09 14:15:30[main] [DefaultSecurityFilterChain:51] - Will secure any request with [org.springframework.security.web.context.request.async.WebAsyncManagerIntegrationFilter@7d453075, org.springframework.security.web.context.SecurityContextPersistenceFilter@4c231f62, org.springframework.security.web.header.HeaderWriterFilter@1ed0128b, org.springframework.web.filter.CorsFilter@16df0ebd, org.springframework.security.web.authentication.logout.LogoutFilter@f3c27e9, com.uniwear.backend.filter.JwtRequestFilter@7af7c9aa, org.springframework.security.web.savedrequest.RequestCacheAwareFilter@6d3194ff, org.springframework.security.web.servletapi.SecurityContextHolderAwareRequestFilter@2d5b549b, org.springframework.security.web.authentication.AnonymousAuthenticationFilter@29becf8b, org.springframework.security.web.session.SessionManagementFilter@507187c1, org.springframework.security.web.access.ExceptionTranslationFilter@7f33ad20, org.springframework.security.web.access.intercept.FilterSecurityInterceptor@7fe40b9f]
INFO  22-02-09 14:15:32[main] [BackendApplicationTests:61] - Started BackendApplicationTests in 14.439 seconds (JVM running for 16.999)
INFO  22-02-09 14:15:33[SpringApplicationShutdownHook] [LocalContainerEntityManagerFactoryBean:651] - Closing JPA EntityManagerFactory for persistence unit 'default'
INFO  22-02-09 14:15:33[SpringApplicationShutdownHook] [HikariDataSource:350] - HikariPool-1 - Shutdown initiated...
INFO  22-02-09 14:15:33[SpringApplicationShutdownHook] [HikariDataSource:352] - HikariPool-1 - Shutdown completed.
INFO  22-02-09 14:19:41[main] [BackendApplicationTests:55] - Starting BackendApplicationTests using Java 17.0.1 on DESKTOP-CU4K7SS with PID 37016 (started by uniapparel in C:\Users\uniapparel\Documents\git\uniwear-backend)
INFO  22-02-09 14:19:41[main] [BackendApplicationTests:639] - The following profiles are active: test
INFO  22-02-09 14:19:41[background-preinit] [Version:21] - HV000001: Hibernate Validator 6.2.0.Final
INFO  22-02-09 14:19:42[main] [RepositoryConfigurationDelegate:262] - Multiple Spring Data modules found, entering strict repository configuration mode!
INFO  22-02-09 14:19:43[main] [RepositoryConfigurationDelegate:132] - Bootstrapping Spring Data JPA repositories in DEFAULT mode.
INFO  22-02-09 14:19:43[main] [RepositoryConfigurationDelegate:201] - Finished Spring Data repository scanning in 405 ms. Found 1 JPA repository interfaces.
INFO  22-02-09 14:19:43[main] [RepositoryConfigurationDelegate:262] - Multiple Spring Data modules found, entering strict repository configuration mode!
INFO  22-02-09 14:19:43[main] [RepositoryConfigurationDelegate:132] - Bootstrapping Spring Data Redis repositories in DEFAULT mode.
INFO  22-02-09 14:19:43[main] [RepositoryConfigurationExtensionSupport:349] - Spring Data Redis - Could not safely identify store assignment for repository candidate interface com.uniwear.backend.repository.MemberRepository. If you want this repository to be a Redis repository, consider annotating your entities with one of these annotations: org.springframework.data.redis.core.RedisHash (preferred), or consider extending one of the following types with your repository: org.springframework.data.keyvalue.repository.KeyValueRepository.
INFO  22-02-09 14:19:43[main] [RepositoryConfigurationDelegate:201] - Finished Spring Data repository scanning in 25 ms. Found 0 Redis repository interfaces.
INFO  22-02-09 14:19:45[main] [LogHelper:31] - HHH000204: Processing PersistenceUnitInfo [name: default]
INFO  22-02-09 14:19:45[main] [Version:44] - HHH000412: Hibernate ORM core version 5.6.3.Final
INFO  22-02-09 14:19:46[main] [Version:56] - HCANN000001: Hibernate Commons Annotations {5.1.2.Final}
INFO  22-02-09 14:19:46[main] [HikariDataSource:110] - HikariPool-1 - Starting...
INFO  22-02-09 14:19:46[main] [HikariDataSource:123] - HikariPool-1 - Start completed.
INFO  22-02-09 14:19:46[main] [Dialect:175] - HHH000400: Using dialect: org.hibernate.dialect.MariaDB103Dialect
INFO  22-02-09 14:19:48[main] [JtaPlatformInitiator:52] - HHH000490: Using JtaPlatform implementation: [org.hibernate.engine.transaction.jta.platform.internal.NoJtaPlatform]
INFO  22-02-09 14:19:48[main] [LocalContainerEntityManagerFactoryBean:437] - Initialized JPA EntityManagerFactory for persistence unit 'default'
WARN  22-02-09 14:19:48[main] [JpaBaseConfiguration$JpaWebConfiguration:219] - spring.jpa.open-in-view is enabled by default. Therefore, database queries may be performed during view rendering. Explicitly configure spring.jpa.open-in-view to disable this warning
INFO  22-02-09 14:19:53[main] [DefaultSecurityFilterChain:51] - Will secure any request with [org.springframework.security.web.context.request.async.WebAsyncManagerIntegrationFilter@4823f4d0, org.springframework.security.web.context.SecurityContextPersistenceFilter@1db9d253, org.springframework.security.web.header.HeaderWriterFilter@36c5a4b7, org.springframework.web.filter.CorsFilter@75f316df, org.springframework.security.web.authentication.logout.LogoutFilter@55e3b64d, com.uniwear.backend.filter.JwtRequestFilter@f451970, org.springframework.security.web.savedrequest.RequestCacheAwareFilter@3a75d9a1, org.springframework.security.web.servletapi.SecurityContextHolderAwareRequestFilter@7cb4d4ee, org.springframework.security.web.authentication.AnonymousAuthenticationFilter@2d4aadc, org.springframework.security.web.session.SessionManagementFilter@3df7e309, org.springframework.security.web.access.ExceptionTranslationFilter@5432be12, org.springframework.security.web.access.intercept.FilterSecurityInterceptor@7104b117]
INFO  22-02-09 14:19:55[main] [BackendApplicationTests:61] - Started BackendApplicationTests in 14.871 seconds (JVM running for 17.452)
ERROR 22-02-09 14:20:10[scheduling-1] [TaskUtils$LoggingErrorHandler:95] - Unexpected error occurred in scheduled task
org.springframework.data.redis.RedisConnectionFailureException: Unable to connect to Redis; nested exception is io.lettuce.core.RedisConnectionException: Unable to connect to uniwear-redis.fnc4fj.ng.0001.apn2.cache.amazonaws.com/<unresolved>:6379
	at org.springframework.data.redis.connection.lettuce.LettuceConnectionFactory$ExceptionTranslatingConnectionProvider.translateException(LettuceConnectionFactory.java:1689)
	at org.springframework.data.redis.connection.lettuce.LettuceConnectionFactory$ExceptionTranslatingConnectionProvider.getConnection(LettuceConnectionFactory.java:1597)
	at org.springframework.data.redis.connection.lettuce.LettuceConnectionFactory$SharedConnection.getNativeConnection(LettuceConnectionFactory.java:1383)
	at org.springframework.data.redis.connection.lettuce.LettuceConnectionFactory$SharedConnection.getConnection(LettuceConnectionFactory.java:1366)
	at org.springframework.data.redis.connection.lettuce.LettuceConnectionFactory.getSharedConnection(LettuceConnectionFactory.java:1093)
	at org.springframework.data.redis.connection.lettuce.LettuceConnectionFactory.getConnection(LettuceConnectionFactory.java:421)
	at org.springframework.data.redis.core.RedisConnectionUtils.fetchConnection(RedisConnectionUtils.java:193)
	at org.springframework.data.redis.core.RedisConnectionUtils.doGetConnection(RedisConnectionUtils.java:144)
	at org.springframework.data.redis.core.RedisConnectionUtils.getConnection(RedisConnectionUtils.java:105)
	at org.springframework.data.redis.core.RedisTemplate.execute(RedisTemplate.java:210)
	at org.springframework.data.redis.core.RedisTemplate.execute(RedisTemplate.java:190)
	at org.springframework.data.redis.core.AbstractOperations.execute(AbstractOperations.java:97)
	at org.springframework.data.redis.core.DefaultValueOperations.get(DefaultValueOperations.java:54)
	at com.uniwear.backend.util.RedisUtil.getData(RedisUtil.java:18)
	at com.uniwear.backend.scheduler.TokenRefreshScheduler.testSchedule(TokenRefreshScheduler.java:34)
	at java.base/jdk.internal.reflect.NativeMethodAccessorImpl.invoke0(Native Method)
	at java.base/jdk.internal.reflect.NativeMethodAccessorImpl.invoke(Unknown Source)
	at java.base/jdk.internal.reflect.DelegatingMethodAccessorImpl.invoke(Unknown Source)
	at java.base/java.lang.reflect.Method.invoke(Unknown Source)
	at org.springframework.scheduling.support.ScheduledMethodRunnable.run(ScheduledMethodRunnable.java:84)
	at org.springframework.scheduling.support.DelegatingErrorHandlingRunnable.run(DelegatingErrorHandlingRunnable.java:54)
	at org.springframework.scheduling.concurrent.ReschedulingRunnable.run(ReschedulingRunnable.java:95)
	at java.base/java.util.concurrent.Executors$RunnableAdapter.call(Unknown Source)
	at java.base/java.util.concurrent.FutureTask.run(Unknown Source)
	at java.base/java.util.concurrent.ScheduledThreadPoolExecutor$ScheduledFutureTask.run(Unknown Source)
	at java.base/java.util.concurrent.ThreadPoolExecutor.runWorker(Unknown Source)
	at java.base/java.util.concurrent.ThreadPoolExecutor$Worker.run(Unknown Source)
	at java.base/java.lang.Thread.run(Unknown Source)
Caused by: io.lettuce.core.RedisConnectionException: Unable to connect to uniwear-redis.fnc4fj.ng.0001.apn2.cache.amazonaws.com/<unresolved>:6379
	at io.lettuce.core.RedisConnectionException.create(RedisConnectionException.java:78)
	at io.lettuce.core.RedisConnectionException.create(RedisConnectionException.java:56)
	at io.lettuce.core.AbstractRedisClient.getConnection(AbstractRedisClient.java:330)
	at io.lettuce.core.RedisClient.connect(RedisClient.java:216)
	at org.springframework.data.redis.connection.lettuce.StandaloneConnectionProvider.lambda$getConnection$1(StandaloneConnectionProvider.java:115)
	at java.base/java.util.Optional.orElseGet(Unknown Source)
	at org.springframework.data.redis.connection.lettuce.StandaloneConnectionProvider.getConnection(StandaloneConnectionProvider.java:115)
	at org.springframework.data.redis.connection.lettuce.LettuceConnectionFactory$ExceptionTranslatingConnectionProvider.getConnection(LettuceConnectionFactory.java:1595)
	... 26 common frames omitted
Caused by: io.netty.channel.ConnectTimeoutException: connection timed out: uniwear-redis.fnc4fj.ng.0001.apn2.cache.amazonaws.com/172.31.37.152:6379
	at io.netty.channel.nio.AbstractNioChannel$AbstractNioUnsafe$1.run(AbstractNioChannel.java:261)
	at io.netty.util.concurrent.PromiseTask.runTask(PromiseTask.java:98)
	at io.netty.util.concurrent.ScheduledFutureTask.run(ScheduledFutureTask.java:170)
	at io.netty.util.concurrent.AbstractEventExecutor.safeExecute(AbstractEventExecutor.java:164)
	at io.netty.util.concurrent.SingleThreadEventExecutor.runAllTasks(SingleThreadEventExecutor.java:469)
	at io.netty.channel.nio.NioEventLoop.run(NioEventLoop.java:503)
	at io.netty.util.concurrent.SingleThreadEventExecutor$4.run(SingleThreadEventExecutor.java:986)
	at io.netty.util.internal.ThreadExecutorMap$2.run(ThreadExecutorMap.java:74)
	at io.netty.util.concurrent.FastThreadLocalRunnable.run(FastThreadLocalRunnable.java:30)
	... 1 common frames omitted
ERROR 22-02-09 14:20:30[scheduling-1] [TaskUtils$LoggingErrorHandler:95] - Unexpected error occurred in scheduled task
org.springframework.data.redis.RedisConnectionFailureException: Unable to connect to Redis; nested exception is io.lettuce.core.RedisConnectionException: Unable to connect to uniwear-redis.fnc4fj.ng.0001.apn2.cache.amazonaws.com/<unresolved>:6379
	at org.springframework.data.redis.connection.lettuce.LettuceConnectionFactory$ExceptionTranslatingConnectionProvider.translateException(LettuceConnectionFactory.java:1689)
	at org.springframework.data.redis.connection.lettuce.LettuceConnectionFactory$ExceptionTranslatingConnectionProvider.getConnection(LettuceConnectionFactory.java:1597)
	at org.springframework.data.redis.connection.lettuce.LettuceConnectionFactory$SharedConnection.getNativeConnection(LettuceConnectionFactory.java:1383)
	at org.springframework.data.redis.connection.lettuce.LettuceConnectionFactory$SharedConnection.getConnection(LettuceConnectionFactory.java:1366)
	at org.springframework.data.redis.connection.lettuce.LettuceConnectionFactory.getSharedConnection(LettuceConnectionFactory.java:1093)
	at org.springframework.data.redis.connection.lettuce.LettuceConnectionFactory.getConnection(LettuceConnectionFactory.java:421)
	at org.springframework.data.redis.core.RedisConnectionUtils.fetchConnection(RedisConnectionUtils.java:193)
	at org.springframework.data.redis.core.RedisConnectionUtils.doGetConnection(RedisConnectionUtils.java:144)
	at org.springframework.data.redis.core.RedisConnectionUtils.getConnection(RedisConnectionUtils.java:105)
	at org.springframework.data.redis.core.RedisTemplate.execute(RedisTemplate.java:210)
	at org.springframework.data.redis.core.RedisTemplate.execute(RedisTemplate.java:190)
	at org.springframework.data.redis.core.AbstractOperations.execute(AbstractOperations.java:97)
	at org.springframework.data.redis.core.DefaultValueOperations.get(DefaultValueOperations.java:54)
	at com.uniwear.backend.util.RedisUtil.getData(RedisUtil.java:18)
	at com.uniwear.backend.scheduler.TokenRefreshScheduler.testSchedule(TokenRefreshScheduler.java:34)
	at java.base/jdk.internal.reflect.NativeMethodAccessorImpl.invoke0(Native Method)
	at java.base/jdk.internal.reflect.NativeMethodAccessorImpl.invoke(Unknown Source)
	at java.base/jdk.internal.reflect.DelegatingMethodAccessorImpl.invoke(Unknown Source)
	at java.base/java.lang.reflect.Method.invoke(Unknown Source)
	at org.springframework.scheduling.support.ScheduledMethodRunnable.run(ScheduledMethodRunnable.java:84)
	at org.springframework.scheduling.support.DelegatingErrorHandlingRunnable.run(DelegatingErrorHandlingRunnable.java:54)
	at org.springframework.scheduling.concurrent.ReschedulingRunnable.run(ReschedulingRunnable.java:95)
	at java.base/java.util.concurrent.Executors$RunnableAdapter.call(Unknown Source)
	at java.base/java.util.concurrent.FutureTask.run(Unknown Source)
	at java.base/java.util.concurrent.ScheduledThreadPoolExecutor$ScheduledFutureTask.run(Unknown Source)
	at java.base/java.util.concurrent.ThreadPoolExecutor.runWorker(Unknown Source)
	at java.base/java.util.concurrent.ThreadPoolExecutor$Worker.run(Unknown Source)
	at java.base/java.lang.Thread.run(Unknown Source)
Caused by: io.lettuce.core.RedisConnectionException: Unable to connect to uniwear-redis.fnc4fj.ng.0001.apn2.cache.amazonaws.com/<unresolved>:6379
	at io.lettuce.core.RedisConnectionException.create(RedisConnectionException.java:78)
	at io.lettuce.core.RedisConnectionException.create(RedisConnectionException.java:56)
	at io.lettuce.core.AbstractRedisClient.getConnection(AbstractRedisClient.java:330)
	at io.lettuce.core.RedisClient.connect(RedisClient.java:216)
	at org.springframework.data.redis.connection.lettuce.StandaloneConnectionProvider.lambda$getConnection$1(StandaloneConnectionProvider.java:115)
	at java.base/java.util.Optional.orElseGet(Unknown Source)
	at org.springframework.data.redis.connection.lettuce.StandaloneConnectionProvider.getConnection(StandaloneConnectionProvider.java:115)
	at org.springframework.data.redis.connection.lettuce.LettuceConnectionFactory$ExceptionTranslatingConnectionProvider.getConnection(LettuceConnectionFactory.java:1595)
	... 26 common frames omitted
Caused by: io.netty.channel.ConnectTimeoutException: connection timed out: uniwear-redis.fnc4fj.ng.0001.apn2.cache.amazonaws.com/172.31.37.152:6379
	at io.netty.channel.nio.AbstractNioChannel$AbstractNioUnsafe$1.run(AbstractNioChannel.java:261)
	at io.netty.util.concurrent.PromiseTask.runTask(PromiseTask.java:98)
	at io.netty.util.concurrent.ScheduledFutureTask.run(ScheduledFutureTask.java:170)
	at io.netty.util.concurrent.AbstractEventExecutor.safeExecute(AbstractEventExecutor.java:164)
	at io.netty.util.concurrent.SingleThreadEventExecutor.runAllTasks(SingleThreadEventExecutor.java:469)
	at io.netty.channel.nio.NioEventLoop.run(NioEventLoop.java:503)
	at io.netty.util.concurrent.SingleThreadEventExecutor$4.run(SingleThreadEventExecutor.java:986)
	at io.netty.util.internal.ThreadExecutorMap$2.run(ThreadExecutorMap.java:74)
	at io.netty.util.concurrent.FastThreadLocalRunnable.run(FastThreadLocalRunnable.java:30)
	... 1 common frames omitted
INFO  22-02-09 14:36:49[main] [BackendApplicationTests:55] - Starting BackendApplicationTests using Java 17.0.1 on DESKTOP-CU4K7SS with PID 31888 (started by uniapparel in C:\Users\uniapparel\Documents\git\uniwear-backend)
INFO  22-02-09 14:36:49[main] [BackendApplicationTests:639] - The following profiles are active: test
INFO  22-02-09 14:36:49[background-preinit] [Version:21] - HV000001: Hibernate Validator 6.2.0.Final
INFO  22-02-09 14:36:50[main] [RepositoryConfigurationDelegate:262] - Multiple Spring Data modules found, entering strict repository configuration mode!
INFO  22-02-09 14:36:50[main] [RepositoryConfigurationDelegate:132] - Bootstrapping Spring Data JPA repositories in DEFAULT mode.
INFO  22-02-09 14:36:51[main] [RepositoryConfigurationDelegate:201] - Finished Spring Data repository scanning in 387 ms. Found 1 JPA repository interfaces.
INFO  22-02-09 14:36:51[main] [RepositoryConfigurationDelegate:262] - Multiple Spring Data modules found, entering strict repository configuration mode!
INFO  22-02-09 14:36:51[main] [RepositoryConfigurationDelegate:132] - Bootstrapping Spring Data Redis repositories in DEFAULT mode.
INFO  22-02-09 14:36:51[main] [RepositoryConfigurationExtensionSupport:349] - Spring Data Redis - Could not safely identify store assignment for repository candidate interface com.uniwear.backend.repository.MemberRepository. If you want this repository to be a Redis repository, consider annotating your entities with one of these annotations: org.springframework.data.redis.core.RedisHash (preferred), or consider extending one of the following types with your repository: org.springframework.data.keyvalue.repository.KeyValueRepository.
INFO  22-02-09 14:36:51[main] [RepositoryConfigurationDelegate:201] - Finished Spring Data repository scanning in 21 ms. Found 0 Redis repository interfaces.
INFO  22-02-09 14:36:53[main] [LogHelper:31] - HHH000204: Processing PersistenceUnitInfo [name: default]
INFO  22-02-09 14:36:53[main] [Version:44] - HHH000412: Hibernate ORM core version 5.6.3.Final
INFO  22-02-09 14:36:53[main] [Version:56] - HCANN000001: Hibernate Commons Annotations {5.1.2.Final}
INFO  22-02-09 14:36:54[main] [HikariDataSource:110] - HikariPool-1 - Starting...
INFO  22-02-09 14:36:54[main] [HikariDataSource:123] - HikariPool-1 - Start completed.
INFO  22-02-09 14:36:54[main] [Dialect:175] - HHH000400: Using dialect: org.hibernate.dialect.MariaDB103Dialect
INFO  22-02-09 14:36:56[main] [JtaPlatformInitiator:52] - HHH000490: Using JtaPlatform implementation: [org.hibernate.engine.transaction.jta.platform.internal.NoJtaPlatform]
INFO  22-02-09 14:36:56[main] [LocalContainerEntityManagerFactoryBean:437] - Initialized JPA EntityManagerFactory for persistence unit 'default'
WARN  22-02-09 14:36:56[main] [JpaBaseConfiguration$JpaWebConfiguration:219] - spring.jpa.open-in-view is enabled by default. Therefore, database queries may be performed during view rendering. Explicitly configure spring.jpa.open-in-view to disable this warning
WARN  22-02-09 14:36:58[main] [GenericWebApplicationContext:591] - Exception encountered during context initialization - cancelling refresh attempt: org.springframework.beans.factory.UnsatisfiedDependencyException: Error creating bean with name 'adminController': Unsatisfied dependency expressed through field 'multiValueMapConverter'; nested exception is org.springframework.beans.factory.NoSuchBeanDefinitionException: No qualifying bean of type 'com.uniwear.backend.util.MultiValueMapConverter' available: expected at least 1 bean which qualifies as autowire candidate. Dependency annotations: {@org.springframework.beans.factory.annotation.Autowired(required=true)}
INFO  22-02-09 14:36:58[main] [LocalContainerEntityManagerFactoryBean:651] - Closing JPA EntityManagerFactory for persistence unit 'default'
INFO  22-02-09 14:36:58[main] [HikariDataSource:350] - HikariPool-1 - Shutdown initiated...
INFO  22-02-09 14:36:58[main] [HikariDataSource:352] - HikariPool-1 - Shutdown completed.
INFO  22-02-09 14:36:58[main] [ConditionEvaluationReportLoggingListener:136] - 

Error starting ApplicationContext. To display the conditions report re-run your application with 'debug' enabled.
ERROR 22-02-09 14:36:59[main] [LoggingFailureAnalysisReporter:40] - 

***************************
APPLICATION FAILED TO START
***************************

Description:

Field multiValueMapConverter in com.uniwear.backend.controller.AdminController required a bean of type 'com.uniwear.backend.util.MultiValueMapConverter' that could not be found.

The injection point has the following annotations:
	- @org.springframework.beans.factory.annotation.Autowired(required=true)


Action:

Consider defining a bean of type 'com.uniwear.backend.util.MultiValueMapConverter' in your configuration.

ERROR 22-02-09 14:36:59[main] [TestContextManager:252] - Caught exception while allowing TestExecutionListener [org.springframework.test.context.web.ServletTestExecutionListener@4233e892] to prepare test instance [com.uniwear.backend.BackendApplicationTests@23169374]
java.lang.IllegalStateException: Failed to load ApplicationContext
	at org.springframework.test.context.cache.DefaultCacheAwareContextLoaderDelegate.loadContext(DefaultCacheAwareContextLoaderDelegate.java:132)
	at org.springframework.test.context.support.DefaultTestContext.getApplicationContext(DefaultTestContext.java:124)
	at org.springframework.test.context.web.ServletTestExecutionListener.setUpRequestContextIfNecessary(ServletTestExecutionListener.java:190)
	at org.springframework.test.context.web.ServletTestExecutionListener.prepareTestInstance(ServletTestExecutionListener.java:132)
	at org.springframework.test.context.TestContextManager.prepareTestInstance(TestContextManager.java:248)
	at org.springframework.test.context.junit.jupiter.SpringExtension.postProcessTestInstance(SpringExtension.java:138)
	at org.junit.jupiter.engine.descriptor.ClassBasedTestDescriptor.lambda$invokeTestInstancePostProcessors$8(ClassBasedTestDescriptor.java:363)
	at org.junit.jupiter.engine.descriptor.ClassBasedTestDescriptor.executeAndMaskThrowable(ClassBasedTestDescriptor.java:368)
	at org.junit.jupiter.engine.descriptor.ClassBasedTestDescriptor.lambda$invokeTestInstancePostProcessors$9(ClassBasedTestDescriptor.java:363)
	at java.base/java.util.stream.ReferencePipeline$3$1.accept(Unknown Source)
	at java.base/java.util.stream.ReferencePipeline$2$1.accept(Unknown Source)
	at java.base/java.util.ArrayList$ArrayListSpliterator.forEachRemaining(Unknown Source)
	at java.base/java.util.stream.AbstractPipeline.copyInto(Unknown Source)
	at java.base/java.util.stream.AbstractPipeline.wrapAndCopyInto(Unknown Source)
	at java.base/java.util.stream.StreamSpliterators$WrappingSpliterator.forEachRemaining(Unknown Source)
	at java.base/java.util.stream.Streams$ConcatSpliterator.forEachRemaining(Unknown Source)
	at java.base/java.util.stream.Streams$ConcatSpliterator.forEachRemaining(Unknown Source)
	at java.base/java.util.stream.ReferencePipeline$Head.forEach(Unknown Source)
	at org.junit.jupiter.engine.descriptor.ClassBasedTestDescriptor.invokeTestInstancePostProcessors(ClassBasedTestDescriptor.java:362)
	at org.junit.jupiter.engine.descriptor.ClassBasedTestDescriptor.lambda$instantiateAndPostProcessTestInstance$6(ClassBasedTestDescriptor.java:283)
	at org.junit.platform.engine.support.hierarchical.ThrowableCollector.execute(ThrowableCollector.java:73)
	at org.junit.jupiter.engine.descriptor.ClassBasedTestDescriptor.instantiateAndPostProcessTestInstance(ClassBasedTestDescriptor.java:282)
	at org.junit.jupiter.engine.descriptor.ClassBasedTestDescriptor.lambda$testInstancesProvider$4(ClassBasedTestDescriptor.java:272)
	at java.base/java.util.Optional.orElseGet(Unknown Source)
	at org.junit.jupiter.engine.descriptor.ClassBasedTestDescriptor.lambda$testInstancesProvider$5(ClassBasedTestDescriptor.java:271)
	at org.junit.jupiter.engine.execution.TestInstancesProvider.getTestInstances(TestInstancesProvider.java:31)
	at org.junit.jupiter.engine.descriptor.TestMethodTestDescriptor.lambda$prepare$0(TestMethodTestDescriptor.java:102)
	at org.junit.platform.engine.support.hierarchical.ThrowableCollector.execute(ThrowableCollector.java:73)
	at org.junit.jupiter.engine.descriptor.TestMethodTestDescriptor.prepare(TestMethodTestDescriptor.java:101)
	at org.junit.jupiter.engine.descriptor.TestMethodTestDescriptor.prepare(TestMethodTestDescriptor.java:66)
	at org.junit.platform.engine.support.hierarchical.NodeTestTask.lambda$prepare$2(NodeTestTask.java:123)
	at org.junit.platform.engine.support.hierarchical.ThrowableCollector.execute(ThrowableCollector.java:73)
	at org.junit.platform.engine.support.hierarchical.NodeTestTask.prepare(NodeTestTask.java:123)
	at org.junit.platform.engine.support.hierarchical.NodeTestTask.execute(NodeTestTask.java:90)
	at java.base/java.util.ArrayList.forEach(Unknown Source)
	at org.junit.platform.engine.support.hierarchical.SameThreadHierarchicalTestExecutorService.invokeAll(SameThreadHierarchicalTestExecutorService.java:41)
	at org.junit.platform.engine.support.hierarchical.NodeTestTask.lambda$executeRecursively$6(NodeTestTask.java:155)
	at org.junit.platform.engine.support.hierarchical.ThrowableCollector.execute(ThrowableCollector.java:73)
	at org.junit.platform.engine.support.hierarchical.NodeTestTask.lambda$executeRecursively$8(NodeTestTask.java:141)
	at org.junit.platform.engine.support.hierarchical.Node.around(Node.java:137)
	at org.junit.platform.engine.support.hierarchical.NodeTestTask.lambda$executeRecursively$9(NodeTestTask.java:139)
	at org.junit.platform.engine.support.hierarchical.ThrowableCollector.execute(ThrowableCollector.java:73)
	at org.junit.platform.engine.support.hierarchical.NodeTestTask.executeRecursively(NodeTestTask.java:138)
	at org.junit.platform.engine.support.hierarchical.NodeTestTask.execute(NodeTestTask.java:95)
	at java.base/java.util.ArrayList.forEach(Unknown Source)
	at org.junit.platform.engine.support.hierarchical.SameThreadHierarchicalTestExecutorService.invokeAll(SameThreadHierarchicalTestExecutorService.java:41)
	at org.junit.platform.engine.support.hierarchical.NodeTestTask.lambda$executeRecursively$6(NodeTestTask.java:155)
	at org.junit.platform.engine.support.hierarchical.ThrowableCollector.execute(ThrowableCollector.java:73)
	at org.junit.platform.engine.support.hierarchical.NodeTestTask.lambda$executeRecursively$8(NodeTestTask.java:141)
	at org.junit.platform.engine.support.hierarchical.Node.around(Node.java:137)
	at org.junit.platform.engine.support.hierarchical.NodeTestTask.lambda$executeRecursively$9(NodeTestTask.java:139)
	at org.junit.platform.engine.support.hierarchical.ThrowableCollector.execute(ThrowableCollector.java:73)
	at org.junit.platform.engine.support.hierarchical.NodeTestTask.executeRecursively(NodeTestTask.java:138)
	at org.junit.platform.engine.support.hierarchical.NodeTestTask.execute(NodeTestTask.java:95)
	at org.junit.platform.engine.support.hierarchical.SameThreadHierarchicalTestExecutorService.submit(SameThreadHierarchicalTestExecutorService.java:35)
	at org.junit.platform.engine.support.hierarchical.HierarchicalTestExecutor.execute(HierarchicalTestExecutor.java:57)
	at org.junit.platform.engine.support.hierarchical.HierarchicalTestEngine.execute(HierarchicalTestEngine.java:54)
	at org.junit.platform.launcher.core.DefaultLauncher.execute(DefaultLauncher.java:248)
	at org.junit.platform.launcher.core.DefaultLauncher.lambda$execute$5(DefaultLauncher.java:211)
	at org.junit.platform.launcher.core.DefaultLauncher.withInterceptedStreams(DefaultLauncher.java:226)
	at org.junit.platform.launcher.core.DefaultLauncher.execute(DefaultLauncher.java:199)
	at org.junit.platform.launcher.core.DefaultLauncher.execute(DefaultLauncher.java:141)
	at org.eclipse.jdt.internal.junit5.runner.JUnit5TestReference.run(JUnit5TestReference.java:98)
	at org.eclipse.jdt.internal.junit.runner.TestExecution.run(TestExecution.java:40)
	at org.eclipse.jdt.internal.junit.runner.RemoteTestRunner.runTests(RemoteTestRunner.java:529)
	at org.eclipse.jdt.internal.junit.runner.RemoteTestRunner.runTests(RemoteTestRunner.java:756)
	at org.eclipse.jdt.internal.junit.runner.RemoteTestRunner.run(RemoteTestRunner.java:452)
	at org.eclipse.jdt.internal.junit.runner.RemoteTestRunner.main(RemoteTestRunner.java:210)
Caused by: org.springframework.beans.factory.UnsatisfiedDependencyException: Error creating bean with name 'adminController': Unsatisfied dependency expressed through field 'multiValueMapConverter'; nested exception is org.springframework.beans.factory.NoSuchBeanDefinitionException: No qualifying bean of type 'com.uniwear.backend.util.MultiValueMapConverter' available: expected at least 1 bean which qualifies as autowire candidate. Dependency annotations: {@org.springframework.beans.factory.annotation.Autowired(required=true)}
	at org.springframework.beans.factory.annotation.AutowiredAnnotationBeanPostProcessor$AutowiredFieldElement.resolveFieldValue(AutowiredAnnotationBeanPostProcessor.java:659)
	at org.springframework.beans.factory.annotation.AutowiredAnnotationBeanPostProcessor$AutowiredFieldElement.inject(AutowiredAnnotationBeanPostProcessor.java:639)
	at org.springframework.beans.factory.annotation.InjectionMetadata.inject(InjectionMetadata.java:119)
	at org.springframework.beans.factory.annotation.AutowiredAnnotationBeanPostProcessor.postProcessProperties(AutowiredAnnotationBeanPostProcessor.java:399)
	at org.springframework.beans.factory.support.AbstractAutowireCapableBeanFactory.populateBean(AbstractAutowireCapableBeanFactory.java:1431)
	at org.springframework.beans.factory.support.AbstractAutowireCapableBeanFactory.doCreateBean(AbstractAutowireCapableBeanFactory.java:619)
	at org.springframework.beans.factory.support.AbstractAutowireCapableBeanFactory.createBean(AbstractAutowireCapableBeanFactory.java:542)
	at org.springframework.beans.factory.support.AbstractBeanFactory.lambda$doGetBean$0(AbstractBeanFactory.java:335)
	at org.springframework.beans.factory.support.DefaultSingletonBeanRegistry.getSingleton(DefaultSingletonBeanRegistry.java:234)
	at org.springframework.beans.factory.support.AbstractBeanFactory.doGetBean(AbstractBeanFactory.java:333)
	at org.springframework.beans.factory.support.AbstractBeanFactory.getBean(AbstractBeanFactory.java:208)
	at org.springframework.beans.factory.support.DefaultListableBeanFactory.preInstantiateSingletons(DefaultListableBeanFactory.java:953)
	at org.springframework.context.support.AbstractApplicationContext.finishBeanFactoryInitialization(AbstractApplicationContext.java:918)
	at org.springframework.context.support.AbstractApplicationContext.refresh(AbstractApplicationContext.java:583)
	at org.springframework.boot.SpringApplication.refresh(SpringApplication.java:730)
	at org.springframework.boot.SpringApplication.refreshContext(SpringApplication.java:412)
	at org.springframework.boot.SpringApplication.run(SpringApplication.java:302)
	at org.springframework.boot.test.context.SpringBootContextLoader.loadContext(SpringBootContextLoader.java:121)
	at org.springframework.test.context.cache.DefaultCacheAwareContextLoaderDelegate.loadContextInternal(DefaultCacheAwareContextLoaderDelegate.java:99)
	at org.springframework.test.context.cache.DefaultCacheAwareContextLoaderDelegate.loadContext(DefaultCacheAwareContextLoaderDelegate.java:124)
	... 67 common frames omitted
Caused by: org.springframework.beans.factory.NoSuchBeanDefinitionException: No qualifying bean of type 'com.uniwear.backend.util.MultiValueMapConverter' available: expected at least 1 bean which qualifies as autowire candidate. Dependency annotations: {@org.springframework.beans.factory.annotation.Autowired(required=true)}
	at org.springframework.beans.factory.support.DefaultListableBeanFactory.raiseNoMatchingBeanFound(DefaultListableBeanFactory.java:1799)
	at org.springframework.beans.factory.support.DefaultListableBeanFactory.doResolveDependency(DefaultListableBeanFactory.java:1355)
	at org.springframework.beans.factory.support.DefaultListableBeanFactory.resolveDependency(DefaultListableBeanFactory.java:1309)
	at org.springframework.beans.factory.annotation.AutowiredAnnotationBeanPostProcessor$AutowiredFieldElement.resolveFieldValue(AutowiredAnnotationBeanPostProcessor.java:656)
	... 86 common frames omitted
INFO  22-02-09 14:37:48[main] [BackendApplicationTests:55] - Starting BackendApplicationTests using Java 17.0.1 on DESKTOP-CU4K7SS with PID 21316 (started by uniapparel in C:\Users\uniapparel\Documents\git\uniwear-backend)
INFO  22-02-09 14:37:48[main] [BackendApplicationTests:639] - The following profiles are active: test
INFO  22-02-09 14:37:48[background-preinit] [Version:21] - HV000001: Hibernate Validator 6.2.0.Final
INFO  22-02-09 14:37:50[main] [RepositoryConfigurationDelegate:262] - Multiple Spring Data modules found, entering strict repository configuration mode!
INFO  22-02-09 14:37:50[main] [RepositoryConfigurationDelegate:132] - Bootstrapping Spring Data JPA repositories in DEFAULT mode.
INFO  22-02-09 14:37:50[main] [RepositoryConfigurationDelegate:201] - Finished Spring Data repository scanning in 337 ms. Found 1 JPA repository interfaces.
INFO  22-02-09 14:37:50[main] [RepositoryConfigurationDelegate:262] - Multiple Spring Data modules found, entering strict repository configuration mode!
INFO  22-02-09 14:37:50[main] [RepositoryConfigurationDelegate:132] - Bootstrapping Spring Data Redis repositories in DEFAULT mode.
INFO  22-02-09 14:37:50[main] [RepositoryConfigurationExtensionSupport:349] - Spring Data Redis - Could not safely identify store assignment for repository candidate interface com.uniwear.backend.repository.MemberRepository. If you want this repository to be a Redis repository, consider annotating your entities with one of these annotations: org.springframework.data.redis.core.RedisHash (preferred), or consider extending one of the following types with your repository: org.springframework.data.keyvalue.repository.KeyValueRepository.
INFO  22-02-09 14:37:50[main] [RepositoryConfigurationDelegate:201] - Finished Spring Data repository scanning in 30 ms. Found 0 Redis repository interfaces.
INFO  22-02-09 14:37:52[main] [LogHelper:31] - HHH000204: Processing PersistenceUnitInfo [name: default]
INFO  22-02-09 14:37:52[main] [Version:44] - HHH000412: Hibernate ORM core version 5.6.3.Final
INFO  22-02-09 14:37:53[main] [Version:56] - HCANN000001: Hibernate Commons Annotations {5.1.2.Final}
INFO  22-02-09 14:37:53[main] [HikariDataSource:110] - HikariPool-1 - Starting...
INFO  22-02-09 14:37:53[main] [HikariDataSource:123] - HikariPool-1 - Start completed.
INFO  22-02-09 14:37:53[main] [Dialect:175] - HHH000400: Using dialect: org.hibernate.dialect.MariaDB103Dialect
INFO  22-02-09 14:37:55[main] [JtaPlatformInitiator:52] - HHH000490: Using JtaPlatform implementation: [org.hibernate.engine.transaction.jta.platform.internal.NoJtaPlatform]
INFO  22-02-09 14:37:55[main] [LocalContainerEntityManagerFactoryBean:437] - Initialized JPA EntityManagerFactory for persistence unit 'default'
WARN  22-02-09 14:37:55[main] [JpaBaseConfiguration$JpaWebConfiguration:219] - spring.jpa.open-in-view is enabled by default. Therefore, database queries may be performed during view rendering. Explicitly configure spring.jpa.open-in-view to disable this warning
INFO  22-02-09 14:38:00[main] [DefaultSecurityFilterChain:51] - Will secure any request with [org.springframework.security.web.context.request.async.WebAsyncManagerIntegrationFilter@20e8286a, org.springframework.security.web.context.SecurityContextPersistenceFilter@698daff6, org.springframework.security.web.header.HeaderWriterFilter@213c812a, org.springframework.web.filter.CorsFilter@4d408746, org.springframework.security.web.authentication.logout.LogoutFilter@cda988, com.uniwear.backend.filter.JwtRequestFilter@4f836d9, org.springframework.security.web.savedrequest.RequestCacheAwareFilter@7842260f, org.springframework.security.web.servletapi.SecurityContextHolderAwareRequestFilter@69d9d322, org.springframework.security.web.authentication.AnonymousAuthenticationFilter@6ae55678, org.springframework.security.web.session.SessionManagementFilter@1db9d253, org.springframework.security.web.access.ExceptionTranslationFilter@195d4780, org.springframework.security.web.access.intercept.FilterSecurityInterceptor@16448827]
INFO  22-02-09 14:38:02[main] [BackendApplicationTests:61] - Started BackendApplicationTests in 15.205 seconds (JVM running for 18.316)
ERROR 22-02-09 14:38:20[scheduling-1] [TaskUtils$LoggingErrorHandler:95] - Unexpected error occurred in scheduled task
org.springframework.data.redis.RedisConnectionFailureException: Unable to connect to Redis; nested exception is io.lettuce.core.RedisConnectionException: Unable to connect to uniwear-redis.fnc4fj.ng.0001.apn2.cache.amazonaws.com/<unresolved>:6379
	at org.springframework.data.redis.connection.lettuce.LettuceConnectionFactory$ExceptionTranslatingConnectionProvider.translateException(LettuceConnectionFactory.java:1689)
	at org.springframework.data.redis.connection.lettuce.LettuceConnectionFactory$ExceptionTranslatingConnectionProvider.getConnection(LettuceConnectionFactory.java:1597)
	at org.springframework.data.redis.connection.lettuce.LettuceConnectionFactory$SharedConnection.getNativeConnection(LettuceConnectionFactory.java:1383)
	at org.springframework.data.redis.connection.lettuce.LettuceConnectionFactory$SharedConnection.getConnection(LettuceConnectionFactory.java:1366)
	at org.springframework.data.redis.connection.lettuce.LettuceConnectionFactory.getSharedConnection(LettuceConnectionFactory.java:1093)
	at org.springframework.data.redis.connection.lettuce.LettuceConnectionFactory.getConnection(LettuceConnectionFactory.java:421)
	at org.springframework.data.redis.core.RedisConnectionUtils.fetchConnection(RedisConnectionUtils.java:193)
	at org.springframework.data.redis.core.RedisConnectionUtils.doGetConnection(RedisConnectionUtils.java:144)
	at org.springframework.data.redis.core.RedisConnectionUtils.getConnection(RedisConnectionUtils.java:105)
	at org.springframework.data.redis.core.RedisTemplate.execute(RedisTemplate.java:210)
	at org.springframework.data.redis.core.RedisTemplate.execute(RedisTemplate.java:190)
	at org.springframework.data.redis.core.AbstractOperations.execute(AbstractOperations.java:97)
	at org.springframework.data.redis.core.DefaultValueOperations.get(DefaultValueOperations.java:54)
	at com.uniwear.backend.util.RedisUtil.getData(RedisUtil.java:18)
	at com.uniwear.backend.scheduler.TokenRefreshScheduler.testSchedule(TokenRefreshScheduler.java:34)
	at java.base/jdk.internal.reflect.NativeMethodAccessorImpl.invoke0(Native Method)
	at java.base/jdk.internal.reflect.NativeMethodAccessorImpl.invoke(Unknown Source)
	at java.base/jdk.internal.reflect.DelegatingMethodAccessorImpl.invoke(Unknown Source)
	at java.base/java.lang.reflect.Method.invoke(Unknown Source)
	at org.springframework.scheduling.support.ScheduledMethodRunnable.run(ScheduledMethodRunnable.java:84)
	at org.springframework.scheduling.support.DelegatingErrorHandlingRunnable.run(DelegatingErrorHandlingRunnable.java:54)
	at org.springframework.scheduling.concurrent.ReschedulingRunnable.run(ReschedulingRunnable.java:95)
	at java.base/java.util.concurrent.Executors$RunnableAdapter.call(Unknown Source)
	at java.base/java.util.concurrent.FutureTask.run(Unknown Source)
	at java.base/java.util.concurrent.ScheduledThreadPoolExecutor$ScheduledFutureTask.run(Unknown Source)
	at java.base/java.util.concurrent.ThreadPoolExecutor.runWorker(Unknown Source)
	at java.base/java.util.concurrent.ThreadPoolExecutor$Worker.run(Unknown Source)
	at java.base/java.lang.Thread.run(Unknown Source)
Caused by: io.lettuce.core.RedisConnectionException: Unable to connect to uniwear-redis.fnc4fj.ng.0001.apn2.cache.amazonaws.com/<unresolved>:6379
	at io.lettuce.core.RedisConnectionException.create(RedisConnectionException.java:78)
	at io.lettuce.core.RedisConnectionException.create(RedisConnectionException.java:56)
	at io.lettuce.core.AbstractRedisClient.getConnection(AbstractRedisClient.java:330)
	at io.lettuce.core.RedisClient.connect(RedisClient.java:216)
	at org.springframework.data.redis.connection.lettuce.StandaloneConnectionProvider.lambda$getConnection$1(StandaloneConnectionProvider.java:115)
	at java.base/java.util.Optional.orElseGet(Unknown Source)
	at org.springframework.data.redis.connection.lettuce.StandaloneConnectionProvider.getConnection(StandaloneConnectionProvider.java:115)
	at org.springframework.data.redis.connection.lettuce.LettuceConnectionFactory$ExceptionTranslatingConnectionProvider.getConnection(LettuceConnectionFactory.java:1595)
	... 26 common frames omitted
Caused by: io.netty.channel.ConnectTimeoutException: connection timed out: uniwear-redis.fnc4fj.ng.0001.apn2.cache.amazonaws.com/172.31.37.152:6379
	at io.netty.channel.nio.AbstractNioChannel$AbstractNioUnsafe$1.run(AbstractNioChannel.java:261)
	at io.netty.util.concurrent.PromiseTask.runTask(PromiseTask.java:98)
	at io.netty.util.concurrent.ScheduledFutureTask.run(ScheduledFutureTask.java:170)
	at io.netty.util.concurrent.AbstractEventExecutor.safeExecute(AbstractEventExecutor.java:164)
	at io.netty.util.concurrent.SingleThreadEventExecutor.runAllTasks(SingleThreadEventExecutor.java:469)
	at io.netty.channel.nio.NioEventLoop.run(NioEventLoop.java:503)
	at io.netty.util.concurrent.SingleThreadEventExecutor$4.run(SingleThreadEventExecutor.java:986)
	at io.netty.util.internal.ThreadExecutorMap$2.run(ThreadExecutorMap.java:74)
	at io.netty.util.concurrent.FastThreadLocalRunnable.run(FastThreadLocalRunnable.java:30)
	... 1 common frames omitted
ERROR 22-02-09 14:38:40[scheduling-1] [TaskUtils$LoggingErrorHandler:95] - Unexpected error occurred in scheduled task
org.springframework.data.redis.RedisConnectionFailureException: Unable to connect to Redis; nested exception is io.lettuce.core.RedisConnectionException: Unable to connect to uniwear-redis.fnc4fj.ng.0001.apn2.cache.amazonaws.com/<unresolved>:6379
	at org.springframework.data.redis.connection.lettuce.LettuceConnectionFactory$ExceptionTranslatingConnectionProvider.translateException(LettuceConnectionFactory.java:1689)
	at org.springframework.data.redis.connection.lettuce.LettuceConnectionFactory$ExceptionTranslatingConnectionProvider.getConnection(LettuceConnectionFactory.java:1597)
	at org.springframework.data.redis.connection.lettuce.LettuceConnectionFactory$SharedConnection.getNativeConnection(LettuceConnectionFactory.java:1383)
	at org.springframework.data.redis.connection.lettuce.LettuceConnectionFactory$SharedConnection.getConnection(LettuceConnectionFactory.java:1366)
	at org.springframework.data.redis.connection.lettuce.LettuceConnectionFactory.getSharedConnection(LettuceConnectionFactory.java:1093)
	at org.springframework.data.redis.connection.lettuce.LettuceConnectionFactory.getConnection(LettuceConnectionFactory.java:421)
	at org.springframework.data.redis.core.RedisConnectionUtils.fetchConnection(RedisConnectionUtils.java:193)
	at org.springframework.data.redis.core.RedisConnectionUtils.doGetConnection(RedisConnectionUtils.java:144)
	at org.springframework.data.redis.core.RedisConnectionUtils.getConnection(RedisConnectionUtils.java:105)
	at org.springframework.data.redis.core.RedisTemplate.execute(RedisTemplate.java:210)
	at org.springframework.data.redis.core.RedisTemplate.execute(RedisTemplate.java:190)
	at org.springframework.data.redis.core.AbstractOperations.execute(AbstractOperations.java:97)
	at org.springframework.data.redis.core.DefaultValueOperations.get(DefaultValueOperations.java:54)
	at com.uniwear.backend.util.RedisUtil.getData(RedisUtil.java:18)
	at com.uniwear.backend.scheduler.TokenRefreshScheduler.testSchedule(TokenRefreshScheduler.java:34)
	at java.base/jdk.internal.reflect.NativeMethodAccessorImpl.invoke0(Native Method)
	at java.base/jdk.internal.reflect.NativeMethodAccessorImpl.invoke(Unknown Source)
	at java.base/jdk.internal.reflect.DelegatingMethodAccessorImpl.invoke(Unknown Source)
	at java.base/java.lang.reflect.Method.invoke(Unknown Source)
	at org.springframework.scheduling.support.ScheduledMethodRunnable.run(ScheduledMethodRunnable.java:84)
	at org.springframework.scheduling.support.DelegatingErrorHandlingRunnable.run(DelegatingErrorHandlingRunnable.java:54)
	at org.springframework.scheduling.concurrent.ReschedulingRunnable.run(ReschedulingRunnable.java:95)
	at java.base/java.util.concurrent.Executors$RunnableAdapter.call(Unknown Source)
	at java.base/java.util.concurrent.FutureTask.run(Unknown Source)
	at java.base/java.util.concurrent.ScheduledThreadPoolExecutor$ScheduledFutureTask.run(Unknown Source)
	at java.base/java.util.concurrent.ThreadPoolExecutor.runWorker(Unknown Source)
	at java.base/java.util.concurrent.ThreadPoolExecutor$Worker.run(Unknown Source)
	at java.base/java.lang.Thread.run(Unknown Source)
Caused by: io.lettuce.core.RedisConnectionException: Unable to connect to uniwear-redis.fnc4fj.ng.0001.apn2.cache.amazonaws.com/<unresolved>:6379
	at io.lettuce.core.RedisConnectionException.create(RedisConnectionException.java:78)
	at io.lettuce.core.RedisConnectionException.create(RedisConnectionException.java:56)
	at io.lettuce.core.AbstractRedisClient.getConnection(AbstractRedisClient.java:330)
	at io.lettuce.core.RedisClient.connect(RedisClient.java:216)
	at org.springframework.data.redis.connection.lettuce.StandaloneConnectionProvider.lambda$getConnection$1(StandaloneConnectionProvider.java:115)
	at java.base/java.util.Optional.orElseGet(Unknown Source)
	at org.springframework.data.redis.connection.lettuce.StandaloneConnectionProvider.getConnection(StandaloneConnectionProvider.java:115)
	at org.springframework.data.redis.connection.lettuce.LettuceConnectionFactory$ExceptionTranslatingConnectionProvider.getConnection(LettuceConnectionFactory.java:1595)
	... 26 common frames omitted
Caused by: io.netty.channel.ConnectTimeoutException: connection timed out: uniwear-redis.fnc4fj.ng.0001.apn2.cache.amazonaws.com/172.31.37.152:6379
	at io.netty.channel.nio.AbstractNioChannel$AbstractNioUnsafe$1.run(AbstractNioChannel.java:261)
	at io.netty.util.concurrent.PromiseTask.runTask(PromiseTask.java:98)
	at io.netty.util.concurrent.ScheduledFutureTask.run(ScheduledFutureTask.java:170)
	at io.netty.util.concurrent.AbstractEventExecutor.safeExecute(AbstractEventExecutor.java:164)
	at io.netty.util.concurrent.SingleThreadEventExecutor.runAllTasks(SingleThreadEventExecutor.java:469)
	at io.netty.channel.nio.NioEventLoop.run(NioEventLoop.java:503)
	at io.netty.util.concurrent.SingleThreadEventExecutor$4.run(SingleThreadEventExecutor.java:986)
	at io.netty.util.internal.ThreadExecutorMap$2.run(ThreadExecutorMap.java:74)
	at io.netty.util.concurrent.FastThreadLocalRunnable.run(FastThreadLocalRunnable.java:30)
	... 1 common frames omitted
ERROR 22-02-09 14:39:00[scheduling-1] [TaskUtils$LoggingErrorHandler:95] - Unexpected error occurred in scheduled task
org.springframework.data.redis.RedisConnectionFailureException: Unable to connect to Redis; nested exception is io.lettuce.core.RedisConnectionException: Unable to connect to uniwear-redis.fnc4fj.ng.0001.apn2.cache.amazonaws.com/<unresolved>:6379
	at org.springframework.data.redis.connection.lettuce.LettuceConnectionFactory$ExceptionTranslatingConnectionProvider.translateException(LettuceConnectionFactory.java:1689)
	at org.springframework.data.redis.connection.lettuce.LettuceConnectionFactory$ExceptionTranslatingConnectionProvider.getConnection(LettuceConnectionFactory.java:1597)
	at org.springframework.data.redis.connection.lettuce.LettuceConnectionFactory$SharedConnection.getNativeConnection(LettuceConnectionFactory.java:1383)
	at org.springframework.data.redis.connection.lettuce.LettuceConnectionFactory$SharedConnection.getConnection(LettuceConnectionFactory.java:1366)
	at org.springframework.data.redis.connection.lettuce.LettuceConnectionFactory.getSharedConnection(LettuceConnectionFactory.java:1093)
	at org.springframework.data.redis.connection.lettuce.LettuceConnectionFactory.getConnection(LettuceConnectionFactory.java:421)
	at org.springframework.data.redis.core.RedisConnectionUtils.fetchConnection(RedisConnectionUtils.java:193)
	at org.springframework.data.redis.core.RedisConnectionUtils.doGetConnection(RedisConnectionUtils.java:144)
	at org.springframework.data.redis.core.RedisConnectionUtils.getConnection(RedisConnectionUtils.java:105)
	at org.springframework.data.redis.core.RedisTemplate.execute(RedisTemplate.java:210)
	at org.springframework.data.redis.core.RedisTemplate.execute(RedisTemplate.java:190)
	at org.springframework.data.redis.core.AbstractOperations.execute(AbstractOperations.java:97)
	at org.springframework.data.redis.core.DefaultValueOperations.get(DefaultValueOperations.java:54)
	at com.uniwear.backend.util.RedisUtil.getData(RedisUtil.java:18)
	at com.uniwear.backend.scheduler.TokenRefreshScheduler.testSchedule(TokenRefreshScheduler.java:34)
	at java.base/jdk.internal.reflect.NativeMethodAccessorImpl.invoke0(Native Method)
	at java.base/jdk.internal.reflect.NativeMethodAccessorImpl.invoke(Unknown Source)
	at java.base/jdk.internal.reflect.DelegatingMethodAccessorImpl.invoke(Unknown Source)
	at java.base/java.lang.reflect.Method.invoke(Unknown Source)
	at org.springframework.scheduling.support.ScheduledMethodRunnable.run(ScheduledMethodRunnable.java:84)
	at org.springframework.scheduling.support.DelegatingErrorHandlingRunnable.run(DelegatingErrorHandlingRunnable.java:54)
	at org.springframework.scheduling.concurrent.ReschedulingRunnable.run(ReschedulingRunnable.java:95)
	at java.base/java.util.concurrent.Executors$RunnableAdapter.call(Unknown Source)
	at java.base/java.util.concurrent.FutureTask.run(Unknown Source)
	at java.base/java.util.concurrent.ScheduledThreadPoolExecutor$ScheduledFutureTask.run(Unknown Source)
	at java.base/java.util.concurrent.ThreadPoolExecutor.runWorker(Unknown Source)
	at java.base/java.util.concurrent.ThreadPoolExecutor$Worker.run(Unknown Source)
	at java.base/java.lang.Thread.run(Unknown Source)
Caused by: io.lettuce.core.RedisConnectionException: Unable to connect to uniwear-redis.fnc4fj.ng.0001.apn2.cache.amazonaws.com/<unresolved>:6379
	at io.lettuce.core.RedisConnectionException.create(RedisConnectionException.java:78)
	at io.lettuce.core.RedisConnectionException.create(RedisConnectionException.java:56)
	at io.lettuce.core.AbstractRedisClient.getConnection(AbstractRedisClient.java:330)
	at io.lettuce.core.RedisClient.connect(RedisClient.java:216)
	at org.springframework.data.redis.connection.lettuce.StandaloneConnectionProvider.lambda$getConnection$1(StandaloneConnectionProvider.java:115)
	at java.base/java.util.Optional.orElseGet(Unknown Source)
	at org.springframework.data.redis.connection.lettuce.StandaloneConnectionProvider.getConnection(StandaloneConnectionProvider.java:115)
	at org.springframework.data.redis.connection.lettuce.LettuceConnectionFactory$ExceptionTranslatingConnectionProvider.getConnection(LettuceConnectionFactory.java:1595)
	... 26 common frames omitted
Caused by: io.netty.channel.ConnectTimeoutException: connection timed out: uniwear-redis.fnc4fj.ng.0001.apn2.cache.amazonaws.com/172.31.37.152:6379
	at io.netty.channel.nio.AbstractNioChannel$AbstractNioUnsafe$1.run(AbstractNioChannel.java:261)
	at io.netty.util.concurrent.PromiseTask.runTask(PromiseTask.java:98)
	at io.netty.util.concurrent.ScheduledFutureTask.run(ScheduledFutureTask.java:170)
	at io.netty.util.concurrent.AbstractEventExecutor.safeExecute(AbstractEventExecutor.java:164)
	at io.netty.util.concurrent.SingleThreadEventExecutor.runAllTasks(SingleThreadEventExecutor.java:469)
	at io.netty.channel.nio.NioEventLoop.run(NioEventLoop.java:503)
	at io.netty.util.concurrent.SingleThreadEventExecutor$4.run(SingleThreadEventExecutor.java:986)
	at io.netty.util.internal.ThreadExecutorMap$2.run(ThreadExecutorMap.java:74)
	at io.netty.util.concurrent.FastThreadLocalRunnable.run(FastThreadLocalRunnable.java:30)
	... 1 common frames omitted
ERROR 22-02-09 14:39:20[scheduling-1] [TaskUtils$LoggingErrorHandler:95] - Unexpected error occurred in scheduled task
org.springframework.data.redis.RedisConnectionFailureException: Unable to connect to Redis; nested exception is io.lettuce.core.RedisConnectionException: Unable to connect to uniwear-redis.fnc4fj.ng.0001.apn2.cache.amazonaws.com/<unresolved>:6379
	at org.springframework.data.redis.connection.lettuce.LettuceConnectionFactory$ExceptionTranslatingConnectionProvider.translateException(LettuceConnectionFactory.java:1689)
	at org.springframework.data.redis.connection.lettuce.LettuceConnectionFactory$ExceptionTranslatingConnectionProvider.getConnection(LettuceConnectionFactory.java:1597)
	at org.springframework.data.redis.connection.lettuce.LettuceConnectionFactory$SharedConnection.getNativeConnection(LettuceConnectionFactory.java:1383)
	at org.springframework.data.redis.connection.lettuce.LettuceConnectionFactory$SharedConnection.getConnection(LettuceConnectionFactory.java:1366)
	at org.springframework.data.redis.connection.lettuce.LettuceConnectionFactory.getSharedConnection(LettuceConnectionFactory.java:1093)
	at org.springframework.data.redis.connection.lettuce.LettuceConnectionFactory.getConnection(LettuceConnectionFactory.java:421)
	at org.springframework.data.redis.core.RedisConnectionUtils.fetchConnection(RedisConnectionUtils.java:193)
	at org.springframework.data.redis.core.RedisConnectionUtils.doGetConnection(RedisConnectionUtils.java:144)
	at org.springframework.data.redis.core.RedisConnectionUtils.getConnection(RedisConnectionUtils.java:105)
	at org.springframework.data.redis.core.RedisTemplate.execute(RedisTemplate.java:210)
	at org.springframework.data.redis.core.RedisTemplate.execute(RedisTemplate.java:190)
	at org.springframework.data.redis.core.AbstractOperations.execute(AbstractOperations.java:97)
	at org.springframework.data.redis.core.DefaultValueOperations.get(DefaultValueOperations.java:54)
	at com.uniwear.backend.util.RedisUtil.getData(RedisUtil.java:18)
	at com.uniwear.backend.scheduler.TokenRefreshScheduler.testSchedule(TokenRefreshScheduler.java:34)
	at java.base/jdk.internal.reflect.NativeMethodAccessorImpl.invoke0(Native Method)
	at java.base/jdk.internal.reflect.NativeMethodAccessorImpl.invoke(Unknown Source)
	at java.base/jdk.internal.reflect.DelegatingMethodAccessorImpl.invoke(Unknown Source)
	at java.base/java.lang.reflect.Method.invoke(Unknown Source)
	at org.springframework.scheduling.support.ScheduledMethodRunnable.run(ScheduledMethodRunnable.java:84)
	at org.springframework.scheduling.support.DelegatingErrorHandlingRunnable.run(DelegatingErrorHandlingRunnable.java:54)
	at org.springframework.scheduling.concurrent.ReschedulingRunnable.run(ReschedulingRunnable.java:95)
	at java.base/java.util.concurrent.Executors$RunnableAdapter.call(Unknown Source)
	at java.base/java.util.concurrent.FutureTask.run(Unknown Source)
	at java.base/java.util.concurrent.ScheduledThreadPoolExecutor$ScheduledFutureTask.run(Unknown Source)
	at java.base/java.util.concurrent.ThreadPoolExecutor.runWorker(Unknown Source)
	at java.base/java.util.concurrent.ThreadPoolExecutor$Worker.run(Unknown Source)
	at java.base/java.lang.Thread.run(Unknown Source)
Caused by: io.lettuce.core.RedisConnectionException: Unable to connect to uniwear-redis.fnc4fj.ng.0001.apn2.cache.amazonaws.com/<unresolved>:6379
	at io.lettuce.core.RedisConnectionException.create(RedisConnectionException.java:78)
	at io.lettuce.core.RedisConnectionException.create(RedisConnectionException.java:56)
	at io.lettuce.core.AbstractRedisClient.getConnection(AbstractRedisClient.java:330)
	at io.lettuce.core.RedisClient.connect(RedisClient.java:216)
	at org.springframework.data.redis.connection.lettuce.StandaloneConnectionProvider.lambda$getConnection$1(StandaloneConnectionProvider.java:115)
	at java.base/java.util.Optional.orElseGet(Unknown Source)
	at org.springframework.data.redis.connection.lettuce.StandaloneConnectionProvider.getConnection(StandaloneConnectionProvider.java:115)
	at org.springframework.data.redis.connection.lettuce.LettuceConnectionFactory$ExceptionTranslatingConnectionProvider.getConnection(LettuceConnectionFactory.java:1595)
	... 26 common frames omitted
Caused by: io.netty.channel.ConnectTimeoutException: connection timed out: uniwear-redis.fnc4fj.ng.0001.apn2.cache.amazonaws.com/172.31.37.152:6379
	at io.netty.channel.nio.AbstractNioChannel$AbstractNioUnsafe$1.run(AbstractNioChannel.java:261)
	at io.netty.util.concurrent.PromiseTask.runTask(PromiseTask.java:98)
	at io.netty.util.concurrent.ScheduledFutureTask.run(ScheduledFutureTask.java:170)
	at io.netty.util.concurrent.AbstractEventExecutor.safeExecute(AbstractEventExecutor.java:164)
	at io.netty.util.concurrent.SingleThreadEventExecutor.runAllTasks(SingleThreadEventExecutor.java:469)
	at io.netty.channel.nio.NioEventLoop.run(NioEventLoop.java:503)
	at io.netty.util.concurrent.SingleThreadEventExecutor$4.run(SingleThreadEventExecutor.java:986)
	at io.netty.util.internal.ThreadExecutorMap$2.run(ThreadExecutorMap.java:74)
	at io.netty.util.concurrent.FastThreadLocalRunnable.run(FastThreadLocalRunnable.java:30)
	... 1 common frames omitted
INFO  22-02-09 14:39:27[main] [BackendApplicationTests:55] - Starting BackendApplicationTests using Java 17.0.1 on DESKTOP-CU4K7SS with PID 28724 (started by uniapparel in C:\Users\uniapparel\Documents\git\uniwear-backend)
INFO  22-02-09 14:39:27[main] [BackendApplicationTests:639] - The following profiles are active: test
INFO  22-02-09 14:39:27[background-preinit] [Version:21] - HV000001: Hibernate Validator 6.2.0.Final
INFO  22-02-09 14:39:29[main] [RepositoryConfigurationDelegate:262] - Multiple Spring Data modules found, entering strict repository configuration mode!
INFO  22-02-09 14:39:29[main] [RepositoryConfigurationDelegate:132] - Bootstrapping Spring Data JPA repositories in DEFAULT mode.
INFO  22-02-09 14:39:30[main] [RepositoryConfigurationDelegate:201] - Finished Spring Data repository scanning in 400 ms. Found 1 JPA repository interfaces.
INFO  22-02-09 14:39:30[main] [RepositoryConfigurationDelegate:262] - Multiple Spring Data modules found, entering strict repository configuration mode!
INFO  22-02-09 14:39:30[main] [RepositoryConfigurationDelegate:132] - Bootstrapping Spring Data Redis repositories in DEFAULT mode.
INFO  22-02-09 14:39:30[main] [RepositoryConfigurationExtensionSupport:349] - Spring Data Redis - Could not safely identify store assignment for repository candidate interface com.uniwear.backend.repository.MemberRepository. If you want this repository to be a Redis repository, consider annotating your entities with one of these annotations: org.springframework.data.redis.core.RedisHash (preferred), or consider extending one of the following types with your repository: org.springframework.data.keyvalue.repository.KeyValueRepository.
INFO  22-02-09 14:39:30[main] [RepositoryConfigurationDelegate:201] - Finished Spring Data repository scanning in 20 ms. Found 0 Redis repository interfaces.
INFO  22-02-09 14:39:32[main] [LogHelper:31] - HHH000204: Processing PersistenceUnitInfo [name: default]
INFO  22-02-09 14:39:32[main] [Version:44] - HHH000412: Hibernate ORM core version 5.6.3.Final
INFO  22-02-09 14:39:32[main] [Version:56] - HCANN000001: Hibernate Commons Annotations {5.1.2.Final}
INFO  22-02-09 14:39:32[main] [HikariDataSource:110] - HikariPool-1 - Starting...
INFO  22-02-09 14:39:33[main] [HikariDataSource:123] - HikariPool-1 - Start completed.
INFO  22-02-09 14:39:33[main] [Dialect:175] - HHH000400: Using dialect: org.hibernate.dialect.MariaDB103Dialect
ERROR 22-02-09 14:39:34[scheduling-1] [TaskUtils$LoggingErrorHandler:95] - Unexpected error occurred in scheduled task
org.springframework.data.redis.RedisConnectionFailureException: Unable to connect to Redis; nested exception is io.lettuce.core.RedisConnectionException: Unable to connect to uniwear-redis.fnc4fj.ng.0001.apn2.cache.amazonaws.com/<unresolved>:6379
	at org.springframework.data.redis.connection.lettuce.LettuceConnectionFactory$ExceptionTranslatingConnectionProvider.translateException(LettuceConnectionFactory.java:1689)
	at org.springframework.data.redis.connection.lettuce.LettuceConnectionFactory$ExceptionTranslatingConnectionProvider.getConnection(LettuceConnectionFactory.java:1597)
	at org.springframework.data.redis.connection.lettuce.LettuceConnectionFactory$SharedConnection.getNativeConnection(LettuceConnectionFactory.java:1383)
	at org.springframework.data.redis.connection.lettuce.LettuceConnectionFactory$SharedConnection.getConnection(LettuceConnectionFactory.java:1366)
	at org.springframework.data.redis.connection.lettuce.LettuceConnectionFactory.getSharedConnection(LettuceConnectionFactory.java:1093)
	at org.springframework.data.redis.connection.lettuce.LettuceConnectionFactory.getConnection(LettuceConnectionFactory.java:421)
	at org.springframework.data.redis.core.RedisConnectionUtils.fetchConnection(RedisConnectionUtils.java:193)
	at org.springframework.data.redis.core.RedisConnectionUtils.doGetConnection(RedisConnectionUtils.java:144)
	at org.springframework.data.redis.core.RedisConnectionUtils.getConnection(RedisConnectionUtils.java:105)
	at org.springframework.data.redis.core.RedisTemplate.execute(RedisTemplate.java:210)
	at org.springframework.data.redis.core.RedisTemplate.execute(RedisTemplate.java:190)
	at org.springframework.data.redis.core.AbstractOperations.execute(AbstractOperations.java:97)
	at org.springframework.data.redis.core.DefaultValueOperations.get(DefaultValueOperations.java:54)
	at com.uniwear.backend.util.RedisUtil.getData(RedisUtil.java:18)
	at com.uniwear.backend.scheduler.TokenRefreshScheduler.testSchedule(TokenRefreshScheduler.java:34)
	at java.base/jdk.internal.reflect.NativeMethodAccessorImpl.invoke0(Native Method)
	at java.base/jdk.internal.reflect.NativeMethodAccessorImpl.invoke(Unknown Source)
	at java.base/jdk.internal.reflect.DelegatingMethodAccessorImpl.invoke(Unknown Source)
	at java.base/java.lang.reflect.Method.invoke(Unknown Source)
	at org.springframework.scheduling.support.ScheduledMethodRunnable.run(ScheduledMethodRunnable.java:84)
	at org.springframework.scheduling.support.DelegatingErrorHandlingRunnable.run(DelegatingErrorHandlingRunnable.java:54)
	at org.springframework.scheduling.concurrent.ReschedulingRunnable.run(ReschedulingRunnable.java:95)
	at java.base/java.util.concurrent.Executors$RunnableAdapter.call(Unknown Source)
	at java.base/java.util.concurrent.FutureTask.run(Unknown Source)
	at java.base/java.util.concurrent.ScheduledThreadPoolExecutor$ScheduledFutureTask.run(Unknown Source)
	at java.base/java.util.concurrent.ThreadPoolExecutor.runWorker(Unknown Source)
	at java.base/java.util.concurrent.ThreadPoolExecutor$Worker.run(Unknown Source)
	at java.base/java.lang.Thread.run(Unknown Source)
Caused by: io.lettuce.core.RedisConnectionException: Unable to connect to uniwear-redis.fnc4fj.ng.0001.apn2.cache.amazonaws.com/<unresolved>:6379
	at io.lettuce.core.RedisConnectionException.create(RedisConnectionException.java:78)
	at io.lettuce.core.RedisConnectionException.create(RedisConnectionException.java:56)
	at io.lettuce.core.AbstractRedisClient.getConnection(AbstractRedisClient.java:328)
	at io.lettuce.core.RedisClient.connect(RedisClient.java:216)
	at org.springframework.data.redis.connection.lettuce.StandaloneConnectionProvider.lambda$getConnection$1(StandaloneConnectionProvider.java:115)
	at java.base/java.util.Optional.orElseGet(Unknown Source)
	at org.springframework.data.redis.connection.lettuce.StandaloneConnectionProvider.getConnection(StandaloneConnectionProvider.java:115)
	at org.springframework.data.redis.connection.lettuce.LettuceConnectionFactory$ExceptionTranslatingConnectionProvider.getConnection(LettuceConnectionFactory.java:1595)
	... 26 common frames omitted
Caused by: java.lang.InterruptedException: null
	at java.base/java.util.concurrent.CompletableFuture.reportGet(Unknown Source)
	at java.base/java.util.concurrent.CompletableFuture.get(Unknown Source)
	at io.lettuce.core.DefaultConnectionFuture.get(DefaultConnectionFuture.java:69)
	at io.lettuce.core.AbstractRedisClient.getConnection(AbstractRedisClient.java:325)
	... 31 common frames omitted
INFO  22-02-09 14:39:34[SpringApplicationShutdownHook] [LocalContainerEntityManagerFactoryBean:651] - Closing JPA EntityManagerFactory for persistence unit 'default'
INFO  22-02-09 14:39:34[SpringApplicationShutdownHook] [HikariDataSource:350] - HikariPool-1 - Shutdown initiated...
INFO  22-02-09 14:39:34[SpringApplicationShutdownHook] [HikariDataSource:352] - HikariPool-1 - Shutdown completed.
INFO  22-02-09 14:39:35[main] [JtaPlatformInitiator:52] - HHH000490: Using JtaPlatform implementation: [org.hibernate.engine.transaction.jta.platform.internal.NoJtaPlatform]
INFO  22-02-09 14:39:35[main] [LocalContainerEntityManagerFactoryBean:437] - Initialized JPA EntityManagerFactory for persistence unit 'default'
WARN  22-02-09 14:39:35[main] [JpaBaseConfiguration$JpaWebConfiguration:219] - spring.jpa.open-in-view is enabled by default. Therefore, database queries may be performed during view rendering. Explicitly configure spring.jpa.open-in-view to disable this warning
INFO  22-02-09 14:39:40[main] [DefaultSecurityFilterChain:51] - Will secure any request with [org.springframework.security.web.context.request.async.WebAsyncManagerIntegrationFilter@2a0d8df8, org.springframework.security.web.context.SecurityContextPersistenceFilter@55f54852, org.springframework.security.web.header.HeaderWriterFilter@3db3668, org.springframework.web.filter.CorsFilter@63be4548, org.springframework.security.web.authentication.logout.LogoutFilter@439047ef, com.uniwear.backend.filter.JwtRequestFilter@224e7aa5, org.springframework.security.web.savedrequest.RequestCacheAwareFilter@5620470a, org.springframework.security.web.servletapi.SecurityContextHolderAwareRequestFilter@12a8d03b, org.springframework.security.web.authentication.AnonymousAuthenticationFilter@232899d1, org.springframework.security.web.session.SessionManagementFilter@4ffcb1bd, org.springframework.security.web.access.ExceptionTranslationFilter@2fb555e8, org.springframework.security.web.access.intercept.FilterSecurityInterceptor@7b897456]
INFO  22-02-09 14:39:42[main] [BackendApplicationTests:61] - Started BackendApplicationTests in 15.616 seconds (JVM running for 18.181)
